Build started 11/22/2014 1:18:27 PM.
     1>Project "C:\Users\Niek Willems\Documents\Visual Studio 2013\Projects\KMINT_week1\KMINT_week1.vcxproj" on node 2 (Build target(s)).
     1>ClCompile:
         C:\Program Files (x86)\Microsoft Visual Studio 12.0\VC\bin\CL.exe /c /I"C:\Users\Niek Willems\Documents\Visual Studio 2013\Projects\KMINT_week1\sdl\include" /ZI /nologo /W3 /WX- /sdl /Od /Oy- /D WIN32 /D _DEBUG /D _CONSOLE /D _LIB /D _UNICODE /D UNICODE /Gm /EHsc /RTC1 /MDd /GS /fp:precise /Zc:wchar_t /Zc:forScope /Fo"Debug\\" /Fd"Debug\vc120.pdb" /Gd /TP /analyze- /errorReport:prompt AStar.cpp Edge.cpp GameObject.cpp Graph.cpp Node.cpp SDLEngine.cpp game.cpp
         AStar.cpp
     1>c:\users\niek willems\documents\visual studio 2013\projects\kmint_week1\astar.cpp(27): warning C4018: '<' : signed/unsigned mismatch
     1>c:\users\niek willems\documents\visual studio 2013\projects\kmint_week1\astar.cpp(64): warning C4244: '=' : conversion from 'int' to 'float', possible loss of data
     1>c:\users\niek willems\documents\visual studio 2013\projects\kmint_week1\astar.cpp(66): warning C4244: '=' : conversion from 'int' to 'float', possible loss of data
     1>c:\users\niek willems\documents\visual studio 2013\projects\kmint_week1\astar.cpp(63): warning C4101: 'tempz' : unreferenced local variable
         Generating Code...
         Compiling...
         game.cpp
         SDLEngine.cpp
         Node.cpp
         Generating Code...
         Skipping... (no relevant changes detected)
         Graph.cpp
         GameObject.cpp
         Edge.cpp
       Link:
         C:\Program Files (x86)\Microsoft Visual Studio 12.0\VC\bin\link.exe /ERRORREPORT:PROMPT /OUT:"C:\Users\Niek Willems\Documents\GitHub\KMINT\KMINT\Debug\KMINT_week1.exe" /INCREMENTAL /NOLOGO /LIBPATH:"C:\Users\Niek Willems\Documents\Visual Studio 2013\Projects\KMINT_week1\sdl\lib" kernel32.lib user32.lib gdi32.lib winspool.lib comdlg32.lib advapi32.lib shell32.lib ole32.lib oleaut32.lib uuid.lib odbc32.lib odbccp32.lib kernel32.lib user32.lib gdi32.lib winspool.lib comdlg32.lib advapi32.lib shell32.lib ole32.lib oleaut32.lib uuid.lib odbc32.lib odbccp32.lib sdl2main.lib sdl2.lib sdl2_image.lib SDL2_ttf.lib /MANIFEST /MANIFESTUAC:"level='asInvoker' uiAccess='false'" /manifest:embed /DEBUG /PDB:"C:\Users\Niek Willems\Documents\GitHub\KMINT\KMINT\Debug\KMINT_week1.pdb" /SUBSYSTEM:CONSOLE /TLBID:1 /DYNAMICBASE /NXCOMPAT /IMPLIB:"C:\Users\Niek Willems\Documents\GitHub\KMINT\KMINT\Debug\KMINT_week1.lib" /MACHINE:X86 Debug\AStar.obj
         Debug\Edge.obj
         Debug\game.obj
         Debug\GameObject.obj
         Debug\Graph.obj
         Debug\Node.obj
         Debug\SDLEngine.obj
         Debug\SDL_DrawEllipse.obj
     1>MSVCRTD.lib(cinitexe.obj) : warning LNK4098: defaultlib 'msvcrt.lib' conflicts with use of other libs; use /NODEFAULTLIB:library
     1>AStar.obj : error LNK2019: unresolved external symbol "private: void __thiscall AStar::Trace(void)" (?Trace@AStar@@AAEXXZ) referenced in function "public: __thiscall AStar::AStar(class Node *,class Node *)" (??0AStar@@QAE@PAVNode@@0@Z)
     1>C:\Users\Niek Willems\Documents\GitHub\KMINT\KMINT\Debug\KMINT_week1.exe : fatal error LNK1120: 1 unresolved externals
     1>Done Building Project "C:\Users\Niek Willems\Documents\Visual Studio 2013\Projects\KMINT_week1\KMINT_week1.vcxproj" (Build target(s)) -- FAILED.

Build FAILED.

Time Elapsed 00:00:04.51
